{"name": "test_order_input", "status": "failed", "statusDetails": {"message": "AssertionError: assert 'Заказ оформлен' in 'Хотите оформить заказ?\\n '\n +  where 'Хотите оформить заказ?\\n ' = <selenium.webdriver.remote.webelement.WebElement (session=\"198e4343ec912431559f853938a60923\", element=\"e58722c2-ca99-45af-b241-4fc65a76cd1c\")>.text", "trace": "browser = <selenium.webdriver.chrome.webdriver.WebDriver (session=\"198e4343ec912431559f853938a60923\")>\n\n    @allure.description('Тест для браузера Chrome ')\n    def test_order_input(browser):\n        browser.get(\"https://qa-scooter.praktikum-services.ru/order\")\n        order_page = OrderPage(browser)\n        order_page.remove_cookies()\n        order_page.enter_name()\n        order_page.enter_surname()\n        order_page.enter_address()\n        order_page.select_random_station()\n        order_page.enter_phone_number()\n        order_page.click_next_page_button()\n        order_page.select_date()\n        order_page.select_rental_period()\n        order_page.select_colour_black()\n        order_page.enter_comment()\n        order_page.click_order_button()\n        order_page.click_confirm_order_button()\n        element = WebDriverWait(browser, 10).until(\n            EC.presence_of_element_located((By.CSS_SELECTOR, \"div.Order_ModalHeader__3FDaJ\"))\n        )\n>       assert \"Заказ оформлен\" in element.text\nE       assert 'Заказ оформлен' in 'Хотите оформить заказ?\\n '\nE        +  where 'Хотите оформить заказ?\\n ' = <selenium.webdriver.remote.webelement.WebElement (session=\"198e4343ec912431559f853938a60923\", element=\"e58722c2-ca99-45af-b241-4fc65a76cd1c\")>.text\n\ntests\\test_workflow_order_success.py:29: AssertionError"}, "description": "Тест для браузера Chrome ", "steps": [{"name": "Убираем кнопкой плашку с Cookies", "status": "passed", "start": 1678710875161, "stop": 1678710875279}, {"name": "Выбираем рандомно станцию метро", "status": "passed", "start": 1678710876122, "stop": 1678710876439}], "start": 1678710874844, "stop": 1678710878534, "uuid": "73131863-f60a-4012-b047-b1a3c01e0014", "historyId": "75f7c70040ee5cac524f9db9db30b8e7", "testCaseId": "b67e02158cc4aca5e3c362aef114cf5a", "fullName": "tests.test_workflow_order_success#test_order_input", "labels": [{"name": "parentSuite", "value": "tests"}, {"name": "suite", "value": "test_workflow_order_success"}, {"name": "host", "value": "LAPTOP-EQOQ3AM5"}, {"name": "thread", "value": "3616-MainThread"}, {"name": "framework", "value": "pytest"}, {"name": "language", "value": "cpython3"}, {"name": "package", "value": "tests.test_workflow_order_success"}]}